Analysis & Synthesis report for VGAController
Mon Jul 25 21:42:17 2022
Quartus Prime Version 21.1.1 Build 850 06/23/2022 SJ Lite Edition


---------------------
; Table of Contents ;
---------------------
  1. Legal Notice
  2. Analysis & Synthesis Summary
  3. Analysis & Synthesis Settings
  4. Parallel Compilation
  5. Analysis & Synthesis Source Files Read
  6. Analysis & Synthesis Resource Usage Summary
  7. Analysis & Synthesis Resource Utilization by Entity
  8. General Register Statistics
  9. Parameter Settings for User Entity Instance: Prescaler:G1
 10. Port Connectivity Checks: "VGA_synt:G2"
 11. Post-Synthesis Netlist Statistics for Top Partition
 12. Elapsed Time Per Partition
 13. Analysis & Synthesis Messages



----------------
; Legal Notice ;
----------------
Copyright (C) 2022  Intel Corporation. All rights reserved.
Your use of Intel Corporation's design tools, logic functions 
and other software and tools, and any partner logic 
functions, and any output files from any of the foregoing 
(including device programming or simulation files), and any 
associated documentation or information are expressly subject 
to the terms and conditions of the Intel Program License 
Subscription Agreement, the Intel Quartus Prime License Agreement,
the Intel FPGA IP License Agreement, or other applicable license
agreement, including, without limitation, that your use is for
the sole purpose of programming logic devices manufactured by
Intel and sold by Intel or its authorized distributors.  Please
refer to the applicable agreement for further details, at
https://fpgasoftware.intel.com/eula.



+----------------------------------------------------------------------------------+
; Analysis & Synthesis Summary                                                     ;
+------------------------------------+---------------------------------------------+
; Analysis & Synthesis Status        ; Successful - Mon Jul 25 21:42:17 2022       ;
; Quartus Prime Version              ; 21.1.1 Build 850 06/23/2022 SJ Lite Edition ;
; Revision Name                      ; VGAController                               ;
; Top-level Entity Name              ; Top_Entity                                  ;
; Family                             ; MAX 10                                      ;
; Total logic elements               ; 34,804                                      ;
;     Total combinational functions  ; 34,804                                      ;
;     Dedicated logic registers      ; 35                                          ;
; Total registers                    ; 35                                          ;
; Total pins                         ; 68                                          ;
; Total virtual pins                 ; 0                                           ;
; Total memory bits                  ; 0                                           ;
; Embedded Multiplier 9-bit elements ; 0                                           ;
; Total PLLs                         ; 0                                           ;
; UFM blocks                         ; 0                                           ;
; ADC blocks                         ; 0                                           ;
+------------------------------------+---------------------------------------------+


+------------------------------------------------------------------------------------------------------------+
; Analysis & Synthesis Settings                                                                              ;
+------------------------------------------------------------------+--------------------+--------------------+
; Option                                                           ; Setting            ; Default Value      ;
+------------------------------------------------------------------+--------------------+--------------------+
; Device                                                           ; 10M50DAF484C6GES   ;                    ;
; Top-level entity name                                            ; Top_Entity         ; VGAController      ;
; Family name                                                      ; MAX 10             ; Cyclone V          ;
; Use smart compilation                                            ; Off                ; Off                ;
; Enable parallel Assembler and Timing Analyzer during compilation ; On                 ; On                 ;
; Enable compact report table                                      ; Off                ; Off                ;
; Restructure Multiplexers                                         ; Auto               ; Auto               ;
; Create Debugging Nodes for IP Cores                              ; Off                ; Off                ;
; Preserve fewer node names                                        ; On                 ; On                 ;
; Intel FPGA IP Evaluation Mode                                    ; Enable             ; Enable             ;
; Verilog Version                                                  ; Verilog_2001       ; Verilog_2001       ;
; VHDL Version                                                     ; VHDL_1993          ; VHDL_1993          ;
; State Machine Processing                                         ; Auto               ; Auto               ;
; Safe State Machine                                               ; Off                ; Off                ;
; Extract Verilog State Machines                                   ; On                 ; On                 ;
; Extract VHDL State Machines                                      ; On                 ; On                 ;
; Ignore Verilog initial constructs                                ; Off                ; Off                ;
; Iteration limit for constant Verilog loops                       ; 5000               ; 5000               ;
; Iteration limit for non-constant Verilog loops                   ; 250                ; 250                ;
; Add Pass-Through Logic to Inferred RAMs                          ; On                 ; On                 ;
; Infer RAMs from Raw Logic                                        ; On                 ; On                 ;
; Parallel Synthesis                                               ; On                 ; On                 ;
; DSP Block Balancing                                              ; Auto               ; Auto               ;
; NOT Gate Push-Back                                               ; On                 ; On                 ;
; Power-Up Don't Care                                              ; On                 ; On                 ;
; Remove Redundant Logic Cells                                     ; Off                ; Off                ;
; Remove Duplicate Registers                                       ; On                 ; On                 ;
; Ignore CARRY Buffers                                             ; Off                ; Off                ;
; Ignore CASCADE Buffers                                           ; Off                ; Off                ;
; Ignore GLOBAL Buffers                                            ; Off                ; Off                ;
; Ignore ROW GLOBAL Buffers                                        ; Off                ; Off                ;
; Ignore LCELL Buffers                                             ; Off                ; Off                ;
; Ignore SOFT Buffers                                              ; On                 ; On                 ;
; Limit AHDL Integers to 32 Bits                                   ; Off                ; Off                ;
; Optimization Technique                                           ; Balanced           ; Balanced           ;
; Carry Chain Length                                               ; 70                 ; 70                 ;
; Auto Carry Chains                                                ; On                 ; On                 ;
; Auto Open-Drain Pins                                             ; On                 ; On                 ;
; Perform WYSIWYG Primitive Resynthesis                            ; Off                ; Off                ;
; Auto ROM Replacement                                             ; On                 ; On                 ;
; Auto RAM Replacement                                             ; On                 ; On                 ;
; Auto DSP Block Replacement                                       ; On                 ; On                 ;
; Auto Shift Register Replacement                                  ; Auto               ; Auto               ;
; Allow Shift Register Merging across Hierarchies                  ; Auto               ; Auto               ;
; Auto Clock Enable Replacement                                    ; On                 ; On                 ;
; Strict RAM Replacement                                           ; Off                ; Off                ;
; Allow Synchronous Control Signals                                ; On                 ; On                 ;
; Force Use of Synchronous Clear Signals                           ; Off                ; Off                ;
; Auto RAM Block Balancing                                         ; On                 ; On                 ;
; Auto RAM to Logic Cell Conversion                                ; Off                ; Off                ;
; Auto Resource Sharing                                            ; Off                ; Off                ;
; Allow Any RAM Size For Recognition                               ; Off                ; Off                ;
; Allow Any ROM Size For Recognition                               ; Off                ; Off                ;
; Allow Any Shift Register Size For Recognition                    ; Off                ; Off                ;
; Use LogicLock Constraints during Resource Balancing              ; On                 ; On                 ;
; Ignore translate_off and synthesis_off directives                ; Off                ; Off                ;
; Timing-Driven Synthesis                                          ; On                 ; On                 ;
; Report Parameter Settings                                        ; On                 ; On                 ;
; Report Source Assignments                                        ; On                 ; On                 ;
; Report Connectivity Checks                                       ; On                 ; On                 ;
; Ignore Maximum Fan-Out Assignments                               ; Off                ; Off                ;
; Synchronization Register Chain Length                            ; 2                  ; 2                  ;
; Power Optimization During Synthesis                              ; Normal compilation ; Normal compilation ;
; HDL message level                                                ; Level2             ; Level2             ;
; Suppress Register Optimization Related Messages                  ; Off                ; Off                ;
; Number of Removed Registers Reported in Synthesis Report         ; 5000               ; 5000               ;
; Number of Swept Nodes Reported in Synthesis Report               ; 5000               ; 5000               ;
; Number of Inverted Registers Reported in Synthesis Report        ; 100                ; 100                ;
; Clock MUX Protection                                             ; On                 ; On                 ;
; Auto Gated Clock Conversion                                      ; Off                ; Off                ;
; Block Design Naming                                              ; Auto               ; Auto               ;
; SDC constraint protection                                        ; Off                ; Off                ;
; Synthesis Effort                                                 ; Auto               ; Auto               ;
; Shift Register Replacement - Allow Asynchronous Clear Signal     ; On                 ; On                 ;
; Pre-Mapping Resynthesis Optimization                             ; Off                ; Off                ;
; Analysis & Synthesis Message Level                               ; Medium             ; Medium             ;
; Disable Register Merging Across Hierarchies                      ; Auto               ; Auto               ;
; Resource Aware Inference For Block RAM                           ; On                 ; On                 ;
+------------------------------------------------------------------+--------------------+--------------------+


+------------------------------------------+
; Parallel Compilation                     ;
+----------------------------+-------------+
; Processors                 ; Number      ;
+----------------------------+-------------+
; Number detected on machine ; 16          ;
; Maximum allowed            ; 16          ;
;                            ;             ;
; Average used               ; 1.00        ;
; Maximum used               ; 16          ;
;                            ;             ;
; Usage by Processor         ; % Time Used ;
;     Processor 1            ; 100.0%      ;
;     Processor 2            ;   0.0%      ;
;     Processor 3            ;   0.0%      ;
;     Processor 4            ;   0.0%      ;
;     Processor 5            ;   0.0%      ;
;     Processor 6            ;   0.0%      ;
;     Processor 7            ;   0.0%      ;
;     Processor 8            ;   0.0%      ;
;     Processor 9            ;   0.0%      ;
;     Processors 10-16       ;   0.0%      ;
+----------------------------+-------------+


+---------------------------------------------------------------------------------------------------------------------------------------+
; Analysis & Synthesis Source Files Read                                                                                                ;
+----------------------------------+-----------------+-----------------+------------------------------------------------------+---------+
; File Name with User-Entered Path ; Used in Netlist ; File Type       ; File Name with Absolute Path                         ; Library ;
+----------------------------------+-----------------+-----------------+------------------------------------------------------+---------+
; VGA_synt.vhd                     ; yes             ; User VHDL File  ; /home/vic/projects/VGAController/VHDL/VGA_synt.vhd   ;         ;
; GraphicRAM.vhd                   ; yes             ; User VHDL File  ; /home/vic/projects/VGAController/VHDL/GraphicRAM.vhd ;         ;
; Prescaler.vhd                    ; yes             ; User VHDL File  ; /home/vic/projects/VGAController/VHDL/Prescaler.vhd  ;         ;
; Top_Entity.vhd                   ; yes             ; User VHDL File  ; /home/vic/projects/VGAController/VHDL/Top_Entity.vhd ;         ;
+----------------------------------+-----------------+-----------------+------------------------------------------------------+---------+


+--------------------------------------------------------------------+
; Analysis & Synthesis Resource Usage Summary                        ;
+---------------------------------------------+----------------------+
; Resource                                    ; Usage                ;
+---------------------------------------------+----------------------+
; Estimated Total logic elements              ; 34,804               ;
;                                             ;                      ;
; Total combinational functions               ; 34804                ;
; Logic element usage by number of LUT inputs ;                      ;
;     -- 4 input functions                    ; 30167                ;
;     -- 3 input functions                    ; 3839                 ;
;     -- <=2 input functions                  ; 798                  ;
;                                             ;                      ;
; Logic elements by mode                      ;                      ;
;     -- normal mode                          ; 34766                ;
;     -- arithmetic mode                      ; 38                   ;
;                                             ;                      ;
; Total registers                             ; 35                   ;
;     -- Dedicated logic registers            ; 35                   ;
;     -- I/O registers                        ; 0                    ;
;                                             ;                      ;
; I/O pins                                    ; 68                   ;
;                                             ;                      ;
; Embedded Multiplier 9-bit elements          ; 0                    ;
;                                             ;                      ;
; Maximum fan-out node                        ; GraphicRAM:G3|Add1~0 ;
; Maximum fan-out                             ; 10036                ;
; Total fan-out                               ; 133953               ;
; Average fan-out                             ; 3.83                 ;
+---------------------------------------------+----------------------+


+------------------------------------------------------------------------------------------------------------------------------------------------------------------------------------------------------------------------------------------+
; Analysis & Synthesis Resource Utilization by Entity                                                                                                                                                                                      ;
+----------------------------+---------------------+---------------------------+-------------+------------+--------------+---------+-----------+------+--------------+------------+---------------------------+-------------+--------------+
; Compilation Hierarchy Node ; Combinational ALUTs ; Dedicated Logic Registers ; Memory Bits ; UFM Blocks ; DSP Elements ; DSP 9x9 ; DSP 18x18 ; Pins ; Virtual Pins ; ADC blocks ; Full Hierarchy Name       ; Entity Name ; Library Name ;
+----------------------------+---------------------+---------------------------+-------------+------------+--------------+---------+-----------+------+--------------+------------+---------------------------+-------------+--------------+
; |Top_Entity                ; 34804 (0)           ; 35 (0)                    ; 0           ; 0          ; 0            ; 0       ; 0         ; 68   ; 0            ; 0          ; |Top_Entity               ; Top_Entity  ; work         ;
;    |GraphicRAM:G3|         ; 34706 (34706)       ; 0 (0)                     ; 0           ; 0          ; 0            ; 0       ; 0         ; 0    ; 0            ; 0          ; |Top_Entity|GraphicRAM:G3 ; GraphicRAM  ; work         ;
;    |Prescaler:G1|          ; 1 (1)               ; 1 (1)                     ; 0           ; 0          ; 0            ; 0       ; 0         ; 0    ; 0            ; 0          ; |Top_Entity|Prescaler:G1  ; Prescaler   ; work         ;
;    |VGA_synt:G2|           ; 97 (97)             ; 34 (34)                   ; 0           ; 0          ; 0            ; 0       ; 0         ; 0    ; 0            ; 0          ; |Top_Entity|VGA_synt:G2   ; VGA_synt    ; work         ;
+----------------------------+---------------------+---------------------------+-------------+------------+--------------+---------+-----------+------+--------------+------------+---------------------------+-------------+--------------+
Note: For table entries with two numbers listed, the numbers in parentheses indicate the number of resources of the given type used by the specific entity alone. The numbers listed outside of parentheses indicate the total resources of the given type used by the specific entity and all of its sub-entities in the hierarchy.


+------------------------------------------------------+
; General Register Statistics                          ;
+----------------------------------------------+-------+
; Statistic                                    ; Value ;
+----------------------------------------------+-------+
; Total registers                              ; 35    ;
; Number of registers using Synchronous Clear  ; 0     ;
; Number of registers using Synchronous Load   ; 0     ;
; Number of registers using Asynchronous Clear ; 0     ;
; Number of registers using Asynchronous Load  ; 0     ;
; Number of registers using Clock Enable       ; 10    ;
; Number of registers using Preset             ; 0     ;
+----------------------------------------------+-------+


+-----------------------------------------------------------+
; Parameter Settings for User Entity Instance: Prescaler:G1 ;
+----------------+-------+----------------------------------+
; Parameter Name ; Value ; Type                             ;
+----------------+-------+----------------------------------+
; n              ; 1     ; Signed Integer                   ;
+----------------+-------+----------------------------------+
Note: In order to hide this table in the UI and the text report file, please set the "Show Parameter Settings in Synthesis Report" option in "Analysis and Synthesis Settings -> More Settings" to "Off".


+-----------------------------------------+
; Port Connectivity Checks: "VGA_synt:G2" ;
+-------+-------+----------+--------------+
; Port  ; Type  ; Severity ; Details      ;
+-------+-------+----------+--------------+
; reset ; Input ; Info     ; Stuck at GND ;
+-------+-------+----------+--------------+


+-----------------------------------------------------+
; Post-Synthesis Netlist Statistics for Top Partition ;
+-----------------------+-----------------------------+
; Type                  ; Count                       ;
+-----------------------+-----------------------------+
; boundary_port         ; 68                          ;
; cycloneiii_ff         ; 35                          ;
;     ENA               ; 10                          ;
;     plain             ; 25                          ;
; cycloneiii_io_obuf    ; 16                          ;
; cycloneiii_lcell_comb ; 34805                       ;
;     arith             ; 38                          ;
;         2 data inputs ; 26                          ;
;         3 data inputs ; 12                          ;
;     normal            ; 34767                       ;
;         0 data inputs ; 2                           ;
;         1 data inputs ; 4                           ;
;         2 data inputs ; 767                         ;
;         3 data inputs ; 3827                        ;
;         4 data inputs ; 30167                       ;
;                       ;                             ;
; Max LUT depth         ; 19.20                       ;
; Average LUT depth     ; 14.69                       ;
+-----------------------+-----------------------------+


+-------------------------------+
; Elapsed Time Per Partition    ;
+----------------+--------------+
; Partition Name ; Elapsed Time ;
+----------------+--------------+
; Top            ; 00:14:21     ;
+----------------+--------------+


+-------------------------------+
; Analysis & Synthesis Messages ;
+-------------------------------+
Info: *******************************************************************
Info: Running Quartus Prime Analysis & Synthesis
    Info: Version 21.1.1 Build 850 06/23/2022 SJ Lite Edition
    Info: Processing started: Mon Jul 25 21:27:52 2022
Info: Command: quartus_map --read_settings_files=on --write_settings_files=off VGAController -c VGAController
Warning (125092): Tcl Script File test.qip not found
    Info (125063): set_global_assignment -name QIP_FILE test.qip
Warning (18236): Number of processors has not been specified which may cause overloading on shared machines.  Set the global assignment NUM_PARALLEL_PROCESSORS in your QSF to an appropriate value for best performance.
Info (20030): Parallel compilation is enabled and will use 16 of the 16 processors detected
Info (12021): Found 2 design units, including 1 entities, in source file VGA_synt.vhd
    Info (12022): Found design unit 1: VGA_synt-LogicFunction File: /home/vic/projects/VGAController/VHDL/VGA_synt.vhd Line: 17
    Info (12023): Found entity 1: VGA_synt File: /home/vic/projects/VGAController/VHDL/VGA_synt.vhd Line: 6
Info (12021): Found 2 design units, including 1 entities, in source file GraphicRAM.vhd
    Info (12022): Found design unit 1: GraphicRAM-LogicFunction File: /home/vic/projects/VGAController/VHDL/GraphicRAM.vhd Line: 16
    Info (12023): Found entity 1: GraphicRAM File: /home/vic/projects/VGAController/VHDL/GraphicRAM.vhd Line: 8
Info (12021): Found 2 design units, including 1 entities, in source file Prescaler.vhd
    Info (12022): Found design unit 1: Prescaler-LogicFunction File: /home/vic/projects/VGAController/VHDL/Prescaler.vhd Line: 13
    Info (12023): Found entity 1: Prescaler File: /home/vic/projects/VGAController/VHDL/Prescaler.vhd Line: 5
Info (12021): Found 2 design units, including 1 entities, in source file Top_Entity.vhd
    Info (12022): Found design unit 1: Top_Entity-LogicFunction File: /home/vic/projects/VGAController/VHDL/Top_Entity.vhd Line: 23
    Info (12023): Found entity 1: Top_Entity File: /home/vic/projects/VGAController/VHDL/Top_Entity.vhd Line: 6
Info (12127): Elaborating entity "Top_Entity" for the top level hierarchy
Warning (10541): VHDL Signal Declaration warning at Top_Entity.vhd(17): used implicit default value for signal "LEDR" because signal was never assigned a value or an explicit default value. Use of implicit default value may introduce unintended design optimizations. File: /home/vic/projects/VGAController/VHDL/Top_Entity.vhd Line: 17
Warning (10541): VHDL Signal Declaration warning at Top_Entity.vhd(18): used implicit default value for signal "HEX0" because signal was never assigned a value or an explicit default value. Use of implicit default value may introduce unintended design optimizations. File: /home/vic/projects/VGAController/VHDL/Top_Entity.vhd Line: 18
Warning (10541): VHDL Signal Declaration warning at Top_Entity.vhd(19): used implicit default value for signal "HEX2" because signal was never assigned a value or an explicit default value. Use of implicit default value may introduce unintended design optimizations. File: /home/vic/projects/VGAController/VHDL/Top_Entity.vhd Line: 19
Warning (10541): VHDL Signal Declaration warning at Top_Entity.vhd(20): used implicit default value for signal "HEX1" because signal was never assigned a value or an explicit default value. Use of implicit default value may introduce unintended design optimizations. File: /home/vic/projects/VGAController/VHDL/Top_Entity.vhd Line: 20
Info (12128): Elaborating entity "Prescaler" for hierarchy "Prescaler:G1" File: /home/vic/projects/VGAController/VHDL/Top_Entity.vhd Line: 67
Info (12128): Elaborating entity "VGA_synt" for hierarchy "VGA_synt:G2" File: /home/vic/projects/VGAController/VHDL/Top_Entity.vhd Line: 68
Info (12128): Elaborating entity "GraphicRAM" for hierarchy "GraphicRAM:G3" File: /home/vic/projects/VGAController/VHDL/Top_Entity.vhd Line: 69
Warning (10541): VHDL Signal Declaration warning at GraphicRAM.vhd(21): used implicit default value for signal "ram" because signal was never assigned a value or an explicit default value. Use of implicit default value may introduce unintended design optimizations. File: /home/vic/projects/VGAController/VHDL/GraphicRAM.vhd Line: 21
Critical Warning (127005): Memory depth (524288) in the design file differs from memory depth (307200) in the Memory Initialization File "/home/vic/projects/VGAController/VHDL/mem.mif" -- setting initial value for remaining addresses to 0
Info (276014): Found 1 instances of uninferred RAM logic
    Info (276013): RAM logic "GraphicRAM:G3|ram" is uninferred because MIF is not supported for the selected family File: /home/vic/projects/VGAController/VHDL/GraphicRAM.vhd Line: 21
Warning (13039): The following bidirectional pins have no drivers
    Warning (13040): bidirectional pin "ARDUINO_IO[0]" has no driver File: /home/vic/projects/VGAController/VHDL/Top_Entity.vhd Line: 10
    Warning (13040): bidirectional pin "ARDUINO_IO[1]" has no driver File: /home/vic/projects/VGAController/VHDL/Top_Entity.vhd Line: 10
    Warning (13040): bidirectional pin "ARDUINO_IO[2]" has no driver File: /home/vic/projects/VGAController/VHDL/Top_Entity.vhd Line: 10
    Warning (13040): bidirectional pin "ARDUINO_IO[3]" has no driver File: /home/vic/projects/VGAController/VHDL/Top_Entity.vhd Line: 10
    Warning (13040): bidirectional pin "ARDUINO_IO[4]" has no driver File: /home/vic/projects/VGAController/VHDL/Top_Entity.vhd Line: 10
    Warning (13040): bidirectional pin "ARDUINO_IO[5]" has no driver File: /home/vic/projects/VGAController/VHDL/Top_Entity.vhd Line: 10
    Warning (13040): bidirectional pin "ARDUINO_IO[6]" has no driver File: /home/vic/projects/VGAController/VHDL/Top_Entity.vhd Line: 10
    Warning (13040): bidirectional pin "ARDUINO_IO[7]" has no driver File: /home/vic/projects/VGAController/VHDL/Top_Entity.vhd Line: 10
    Warning (13040): bidirectional pin "ARDUINO_IO[8]" has no driver File: /home/vic/projects/VGAController/VHDL/Top_Entity.vhd Line: 10
    Warning (13040): bidirectional pin "ARDUINO_IO[9]" has no driver File: /home/vic/projects/VGAController/VHDL/Top_Entity.vhd Line: 10
    Warning (13040): bidirectional pin "ARDUINO_IO[10]" has no driver File: /home/vic/projects/VGAController/VHDL/Top_Entity.vhd Line: 10
    Warning (13040): bidirectional pin "ARDUINO_IO[11]" has no driver File: /home/vic/projects/VGAController/VHDL/Top_Entity.vhd Line: 10
    Warning (13040): bidirectional pin "ARDUINO_IO[12]" has no driver File: /home/vic/projects/VGAController/VHDL/Top_Entity.vhd Line: 10
    Warning (13040): bidirectional pin "ARDUINO_IO[13]" has no driver File: /home/vic/projects/VGAController/VHDL/Top_Entity.vhd Line: 10
    Warning (13040): bidirectional pin "ARDUINO_IO[14]" has no driver File: /home/vic/projects/VGAController/VHDL/Top_Entity.vhd Line: 10
    Warning (13040): bidirectional pin "ARDUINO_IO[15]" has no driver File: /home/vic/projects/VGAController/VHDL/Top_Entity.vhd Line: 10
Warning (13024): Output pins are stuck at VCC or GND
    Warning (13410): Pin "LEDR[0]" is stuck at GND File: /home/vic/projects/VGAController/VHDL/Top_Entity.vhd Line: 17
    Warning (13410): Pin "LEDR[1]" is stuck at GND File: /home/vic/projects/VGAController/VHDL/Top_Entity.vhd Line: 17
    Warning (13410): Pin "LEDR[2]" is stuck at GND File: /home/vic/projects/VGAController/VHDL/Top_Entity.vhd Line: 17
    Warning (13410): Pin "LEDR[3]" is stuck at GND File: /home/vic/projects/VGAController/VHDL/Top_Entity.vhd Line: 17
    Warning (13410): Pin "LEDR[4]" is stuck at GND File: /home/vic/projects/VGAController/VHDL/Top_Entity.vhd Line: 17
    Warning (13410): Pin "LEDR[5]" is stuck at GND File: /home/vic/projects/VGAController/VHDL/Top_Entity.vhd Line: 17
    Warning (13410): Pin "LEDR[6]" is stuck at GND File: /home/vic/projects/VGAController/VHDL/Top_Entity.vhd Line: 17
    Warning (13410): Pin "LEDR[7]" is stuck at GND File: /home/vic/projects/VGAController/VHDL/Top_Entity.vhd Line: 17
    Warning (13410): Pin "LEDR[8]" is stuck at GND File: /home/vic/projects/VGAController/VHDL/Top_Entity.vhd Line: 17
    Warning (13410): Pin "LEDR[9]" is stuck at GND File: /home/vic/projects/VGAController/VHDL/Top_Entity.vhd Line: 17
    Warning (13410): Pin "HEX0[0]" is stuck at GND File: /home/vic/projects/VGAController/VHDL/Top_Entity.vhd Line: 18
    Warning (13410): Pin "HEX0[1]" is stuck at GND File: /home/vic/projects/VGAController/VHDL/Top_Entity.vhd Line: 18
    Warning (13410): Pin "HEX0[2]" is stuck at GND File: /home/vic/projects/VGAController/VHDL/Top_Entity.vhd Line: 18
    Warning (13410): Pin "HEX0[3]" is stuck at GND File: /home/vic/projects/VGAController/VHDL/Top_Entity.vhd Line: 18
    Warning (13410): Pin "HEX0[4]" is stuck at GND File: /home/vic/projects/VGAController/VHDL/Top_Entity.vhd Line: 18
    Warning (13410): Pin "HEX0[5]" is stuck at GND File: /home/vic/projects/VGAController/VHDL/Top_Entity.vhd Line: 18
    Warning (13410): Pin "HEX0[6]" is stuck at GND File: /home/vic/projects/VGAController/VHDL/Top_Entity.vhd Line: 18
    Warning (13410): Pin "HEX0[7]" is stuck at GND File: /home/vic/projects/VGAController/VHDL/Top_Entity.vhd Line: 18
    Warning (13410): Pin "HEX2[0]" is stuck at GND File: /home/vic/projects/VGAController/VHDL/Top_Entity.vhd Line: 19
    Warning (13410): Pin "HEX2[1]" is stuck at GND File: /home/vic/projects/VGAController/VHDL/Top_Entity.vhd Line: 19
    Warning (13410): Pin "HEX2[2]" is stuck at GND File: /home/vic/projects/VGAController/VHDL/Top_Entity.vhd Line: 19
    Warning (13410): Pin "HEX2[3]" is stuck at GND File: /home/vic/projects/VGAController/VHDL/Top_Entity.vhd Line: 19
    Warning (13410): Pin "HEX2[4]" is stuck at GND File: /home/vic/projects/VGAController/VHDL/Top_Entity.vhd Line: 19
    Warning (13410): Pin "HEX2[5]" is stuck at GND File: /home/vic/projects/VGAController/VHDL/Top_Entity.vhd Line: 19
    Warning (13410): Pin "HEX2[6]" is stuck at GND File: /home/vic/projects/VGAController/VHDL/Top_Entity.vhd Line: 19
    Warning (13410): Pin "HEX2[7]" is stuck at GND File: /home/vic/projects/VGAController/VHDL/Top_Entity.vhd Line: 19
    Warning (13410): Pin "HEX1[0]" is stuck at GND File: /home/vic/projects/VGAController/VHDL/Top_Entity.vhd Line: 20
    Warning (13410): Pin "HEX1[1]" is stuck at GND File: /home/vic/projects/VGAController/VHDL/Top_Entity.vhd Line: 20
    Warning (13410): Pin "HEX1[2]" is stuck at GND File: /home/vic/projects/VGAController/VHDL/Top_Entity.vhd Line: 20
    Warning (13410): Pin "HEX1[3]" is stuck at GND File: /home/vic/projects/VGAController/VHDL/Top_Entity.vhd Line: 20
    Warning (13410): Pin "HEX1[4]" is stuck at GND File: /home/vic/projects/VGAController/VHDL/Top_Entity.vhd Line: 20
    Warning (13410): Pin "HEX1[5]" is stuck at GND File: /home/vic/projects/VGAController/VHDL/Top_Entity.vhd Line: 20
    Warning (13410): Pin "HEX1[6]" is stuck at GND File: /home/vic/projects/VGAController/VHDL/Top_Entity.vhd Line: 20
    Warning (13410): Pin "HEX1[7]" is stuck at GND File: /home/vic/projects/VGAController/VHDL/Top_Entity.vhd Line: 20
Info (286030): Timing-Driven Synthesis is running
Info (16010): Generating hard_block partition "hard_block:auto_generated_inst"
    Info (16011): Adding 0 node(s), including 0 DDIO, 0 PLL, 0 transceiver and 0 LCELL
Warning (21074): Design contains 3 input pin(s) that do not drive logic
    Warning (15610): No output dependent on input pin "ADC_CLK_10" File: /home/vic/projects/VGAController/VHDL/Top_Entity.vhd Line: 8
    Warning (15610): No output dependent on input pin "KEY[0]" File: /home/vic/projects/VGAController/VHDL/Top_Entity.vhd Line: 16
    Warning (15610): No output dependent on input pin "KEY[1]" File: /home/vic/projects/VGAController/VHDL/Top_Entity.vhd Line: 16
Info (21057): Implemented 34872 device resources after synthesis - the final resource count might be different
    Info (21058): Implemented 4 input pins
    Info (21059): Implemented 48 output pins
    Info (21060): Implemented 16 bidirectional pins
    Info (21061): Implemented 34804 logic cells
Info: Quartus Prime Analysis & Synthesis was successful. 0 errors, 64 warnings
    Info: Peak virtual memory: 913 megabytes
    Info: Processing ended: Mon Jul 25 21:42:17 2022
    Info: Elapsed time: 00:14:25
    Info: Total CPU time (on all processors): 00:14:24


